2023-08-06 02:28:52.966212 - Initialized conversion of CBT248
2023-08-06 02:28:53.254032 - Received CBT.V505.FILE248.PDS from FILE248.XMI 
2023-08-06 02:28:53.256381 - Found $$$#DATE.txt (text/plain) in CBT.V505.FILE248.PDS, moved to PDS/$$$#DATE
2023-08-06 02:28:53.257518 - Found $$$DOC.txt (text/plain) in CBT.V505.FILE248.PDS, moved to PDS/$$$DOC
2023-08-06 02:28:53.258640 - Found $$$MOD.txt (text/plain) in CBT.V505.FILE248.PDS, moved to PDS/$$$MOD
2023-08-06 02:28:53.259663 - Found @FILE248.txt (text/plain) in CBT.V505.FILE248.PDS, moved to PDS/@FILE248
2023-08-06 02:28:53.260604 - Found CLEARBC.txt (text/plain) in CBT.V505.FILE248.PDS, moved to PDS/CLEARBC
2023-08-06 02:28:53.261628 - Found CPUINFO.txt (text/plain) in CBT.V505.FILE248.PDS, moved to PDS/CPUINFO
2023-08-06 02:28:53.262563 - Found CPUINFO$.txt (text/plain) in CBT.V505.FILE248.PDS, moved to PDS/CPUINFO$
2023-08-06 02:28:53.263495 - Found CPUINFO#.txt (text/plain) in CBT.V505.FILE248.PDS, moved to PDS/CPUINFO#
2023-08-06 02:28:53.264424 - Found GTEDAALC.txt (text/plain) in CBT.V505.FILE248.PDS, moved to PDS/GTEDAALC
2023-08-06 02:28:53.265472 - Found GTEDADAT.txt (text/plain) in CBT.V505.FILE248.PDS, moved to PDS/GTEDADAT
2023-08-06 02:28:53.266637 - Found GTEDADOC.txt (text/plain) in CBT.V505.FILE248.PDS, moved to PDS/GTEDADOC
2023-08-06 02:28:53.267564 - Found GTEDASET.txt (text/plain) in CBT.V505.FILE248.PDS, moved to PDS/GTEDASET
2023-08-06 02:28:53.268468 - Found IEFUTL.txt (text/plain) in CBT.V505.FILE248.PDS, moved to PDS/IEFUTL
2023-08-06 02:28:53.269397 - Found IEFUTL$.txt (text/plain) in CBT.V505.FILE248.PDS, moved to PDS/IEFUTL$
2023-08-06 02:28:53.270506 - Found LCICS.txt (text/plain) in CBT.V505.FILE248.PDS, moved to PDS/LCICS
2023-08-06 02:28:53.271520 - Found LCICS$.txt (text/plain) in CBT.V505.FILE248.PDS, moved to PDS/LCICS$
2023-08-06 02:28:53.272440 - Found LCICS#.txt (text/plain) in CBT.V505.FILE248.PDS, moved to PDS/LCICS#
2023-08-06 02:28:53.273372 - Found LCICSXM.txt (text/plain) in CBT.V505.FILE248.PDS, moved to PDS/LCICSXM
2023-08-06 02:28:53.274316 - Found LCICSXM$.txt (text/plain) in CBT.V505.FILE248.PDS, moved to PDS/LCICSXM$
2023-08-06 02:28:53.275238 - Found LISTV.txt (text/plain) in CBT.V505.FILE248.PDS, moved to PDS/LISTV
2023-08-06 02:28:53.276116 - Found LISTV$.txt (text/plain) in CBT.V505.FILE248.PDS, moved to PDS/LISTV$
2023-08-06 02:28:53.277048 - Found LISTV#.txt (text/plain) in CBT.V505.FILE248.PDS, moved to PDS/LISTV#
2023-08-06 02:28:53.277993 - Found LLIST.txt (text/plain) in CBT.V505.FILE248.PDS, moved to PDS/LLIST
2023-08-06 02:28:53.278866 - Found LLIST$.txt (text/plain) in CBT.V505.FILE248.PDS, moved to PDS/LLIST$
2023-08-06 02:28:53.279880 - Found LLIST#.txt (text/plain) in CBT.V505.FILE248.PDS, moved to PDS/LLIST#
2023-08-06 02:28:53.280866 - Found LOCJOB.txt (text/plain) in CBT.V505.FILE248.PDS, moved to PDS/LOCJOB
2023-08-06 02:28:53.281837 - Found LOOKDD.txt (text/plain) in CBT.V505.FILE248.PDS, moved to PDS/LOOKDD
2023-08-06 02:28:53.282803 - Found LOOKDD$.txt (text/plain) in CBT.V505.FILE248.PDS, moved to PDS/LOOKDD$
2023-08-06 02:28:53.283696 - Found LOOKDD#.txt (text/plain) in CBT.V505.FILE248.PDS, moved to PDS/LOOKDD#
2023-08-06 02:28:53.284589 - Found LPROC.txt (text/plain) in CBT.V505.FILE248.PDS, moved to PDS/LPROC
2023-08-06 02:28:53.285455 - Found LPROC$.txt (text/plain) in CBT.V505.FILE248.PDS, moved to PDS/LPROC$
2023-08-06 02:28:53.286440 - Found LPROC#.txt (text/plain) in CBT.V505.FILE248.PDS, moved to PDS/LPROC#
2023-08-06 02:28:53.287353 - Found LPROCXM.txt (text/plain) in CBT.V505.FILE248.PDS, moved to PDS/LPROCXM
2023-08-06 02:28:53.288315 - Found LPROCXM$.txt (text/plain) in CBT.V505.FILE248.PDS, moved to PDS/LPROCXM$
2023-08-06 02:28:53.289224 - Found LPROCXMC.txt (text/plain) in CBT.V505.FILE248.PDS, moved to PDS/LPROCXMC
2023-08-06 02:28:53.290261 - Found MCSCMD.txt (text/plain) in CBT.V505.FILE248.PDS, moved to PDS/MCSCMD
2023-08-06 02:28:53.291175 - Found MCSCMD$.txt (text/plain) in CBT.V505.FILE248.PDS, moved to PDS/MCSCMD$
2023-08-06 02:28:53.292053 - Found MCSCMD#.txt (text/plain) in CBT.V505.FILE248.PDS, moved to PDS/MCSCMD#
2023-08-06 02:28:53.292996 - Found MCSESA.txt (text/plain) in CBT.V505.FILE248.PDS, moved to PDS/MCSESA
2023-08-06 02:28:53.293908 - Found SMFCPU$.txt (text/plain) in CBT.V505.FILE248.PDS, moved to PDS/SMFCPU$
2023-08-06 02:28:53.294877 - Found SMFCPU#.txt (text/plain) in CBT.V505.FILE248.PDS, moved to PDS/SMFCPU#
2023-08-06 02:28:53.295727 - Found SMFCPUID.txt (text/plain) in CBT.V505.FILE248.PDS, moved to PDS/SMFCPUID
